### Fecha
2026-06-06T14:56:13-06:00

### GAM
gam is aliased to `python /data/data/com.termux/files/home/gam-src/src/gam.py'
gam is /data/data/com.termux/files/home/.local/bin/gam

ERROR: Config File: /data/data/com.termux/files/home/.gam/gam.cfg, Section: DEFAULT, Item: oauth2_txt_lock_mode, Value: "600", Expected: 644,664,666

### Config sin secretos
cache_dir = /data/data/com.termux/files/home/.gam/gamcache
client_secrets_json = client_secrets.json
config_dir = /data/data/com.termux/files/home/.gam
customer_id = my_customer
domain = tec-kio.com
drive_dir = /data/data/com.termux/files/home/Downloads
oauth2_txt = oauth2.txt
oauth2_txt_lock_mode = 600
oauth2service_json = oauth2service.json

### Repo fuente
origin	https://github.com/GAM-team/GAM.git (fetch)
origin	https://github.com/GAM-team/GAM.git (push)
main
afa825c0 [ci skip] Updated cacerts.pem
85cfd13e Disabled user print updates #1920
27d67e72 Update Users.md

### API connectivity

ERROR: Config File: /data/data/com.termux/files/home/.gam/gam.cfg, Section: DEFAULT, Item: oauth2_txt_lock_mode, Value: "600", Expected: 644,664,666

### Customer

ERROR: Config File: /data/data/com.termux/files/home/.gam/gam.cfg, Section: DEFAULT, Item: oauth2_txt_lock_mode, Value: "600", Expected: 644,664,666

### Users sample

ERROR: Config File: /data/data/com.termux/files/home/.gam/gam.cfg, Section: DEFAULT, Item: oauth2_txt_lock_mode, Value: "600", Expected: 644,664,666

### Groups sample

ERROR: Config File: /data/data/com.termux/files/home/.gam/gam.cfg, Section: DEFAULT, Item: oauth2_txt_lock_mode, Value: "600", Expected: 644,664,666

### OUs sample

ERROR: Config File: /data/data/com.termux/files/home/.gam/gam.cfg, Section: DEFAULT, Item: oauth2_txt_lock_mode, Value: "600", Expected: 644,664,666
